2024-07-02T15:54:46+00:00 INFO {"url":"wd-product-bg-1.jpg","data":{"errors":{"http_request_failed":["cURL error 28: Operation timed out after 5002 milliseconds with 162657 out of 253632 bytes received"]},"error_data":[]}}
2024-07-02T15:54:51+00:00 INFO {"url":"wd-product-bg-1.jpg","data":{"errors":{"http_request_failed":["cURL error 28: Operation timed out after 5002 milliseconds with 211941 out of 253632 bytes received"]},"error_data":[]}}
2024-07-02T15:54:56+00:00 INFO {"url":"wd-product-bg-1.jpg","data":{"errors":{"http_request_failed":["cURL error 28: Operation timed out after 5014 milliseconds with 117480 out of 253632 bytes received"]},"error_data":[]}}
2024-07-02T16:11:08+00:00 INFO {"url":"wd-product-bg-1.jpg","data":{"errors":{"http_request_failed":["cURL error 28: Operation timed out after 5003 milliseconds with 55875 out of 253632 bytes received"]},"error_data":[]}}
2024-07-02T16:11:13+00:00 INFO {"url":"wd-product-bg-1.jpg","data":{"errors":{"http_request_failed":["cURL error 28: Operation timed out after 5012 milliseconds with 0 out of 0 bytes received"]},"error_data":[]}}
2024-07-02T16:11:18+00:00 INFO {"url":"wd-product-bg-1.jpg","data":{"errors":{"http_request_failed":["cURL error 28: Operation timed out after 5008 milliseconds with 233845 out of 253632 bytes received"]},"error_data":[]}}
2024-07-02T16:11:23+00:00 INFO {"url":"wd-blog-4.jpg","data":{"errors":{"http_request_failed":["cURL error 28: Operation timed out after 5004 milliseconds with 110635 out of 126071 bytes received"]},"error_data":[]}}
2024-07-02T16:11:28+00:00 INFO {"url":"wd-blog-4.jpg","data":{"errors":{"http_request_failed":["cURL error 28: Operation timed out after 5003 milliseconds with 96945 out of 126071 bytes received"]},"error_data":[]}}
2024-07-02T16:11:34+00:00 INFO {"url":"wd-blog-4.jpg","data":{"errors":{"http_request_failed":["cURL error 28: Operation timed out after 5000 milliseconds with 47661 out of 126071 bytes received"]},"error_data":[]}}
2024-07-02T16:11:39+00:00 INFO {"url":"wd-blog-7.jpg","data":{"errors":{"http_request_failed":["cURL error 28: Operation timed out after 5002 milliseconds with 44923 out of 137728 bytes received"]},"error_data":[]}}
2024-07-02T16:11:44+00:00 INFO {"url":"wd-blog-7.jpg","data":{"errors":{"http_request_failed":["cURL error 28: Operation timed out after 5012 milliseconds with 85993 out of 137728 bytes received"]},"error_data":[]}}
2024-07-02T16:11:49+00:00 INFO {"url":"wd-blog-7.jpg","data":{"errors":{"http_request_failed":["cURL error 28: Operation timed out after 5006 milliseconds with 14805 out of 137728 bytes received"]},"error_data":[]}}
2024-07-02T16:11:57+00:00 INFO {"url":"wd-blog-2.jpg","data":{"errors":{"http_request_failed":["cURL error 28: Operation timed out after 5004 milliseconds with 107897 out of 181164 bytes received"]},"error_data":[]}}
2024-07-02T16:12:02+00:00 INFO {"url":"wd-blog-2.jpg","data":{"errors":{"http_request_failed":["cURL error 28: Operation timed out after 5004 milliseconds with 81886 out of 181164 bytes received"]},"error_data":[]}}
2024-07-02T16:12:07+00:00 INFO {"url":"wd-blog-2.jpg","data":{"errors":{"http_request_failed":["cURL error 28: Operation timed out after 5004 milliseconds with 44923 out of 181164 bytes received"]},"error_data":[]}}
2024-07-02T16:12:12+00:00 INFO {"url":"wd-blog-3.jpg","data":{"errors":{"http_request_failed":["cURL error 28: Operation timed out after 5007 milliseconds with 53137 out of 357864 bytes received"]},"error_data":[]}}
2024-07-02T16:12:17+00:00 INFO {"url":"wd-blog-3.jpg","data":{"errors":{"http_request_failed":["cURL error 28: Operation timed out after 5008 milliseconds with 124325 out of 357864 bytes received"]},"error_data":[]}}
2024-07-02T16:12:22+00:00 INFO {"url":"wd-blog-3.jpg","data":{"errors":{"http_request_failed":["cURL error 28: Operation timed out after 5012 milliseconds with 0 out of 0 bytes received"]},"error_data":[]}}
2024-07-02T16:12:27+00:00 INFO {"url":"wd-blog-5.jpg","data":{"errors":{"http_request_failed":["cURL error 28: Operation timed out after 5002 milliseconds with 59982 out of 293754 bytes received"]},"error_data":[]}}
2024-07-02T16:12:32+00:00 INFO {"url":"wd-blog-5.jpg","data":{"errors":{"http_request_failed":["cURL error 28: Operation timed out after 5009 milliseconds with 38078 out of 293754 bytes received"]},"error_data":[]}}
2024-07-02T16:12:37+00:00 INFO {"url":"wd-blog-5.jpg","data":{"errors":{"http_request_failed":["cURL error 28: Operation timed out after 5003 milliseconds with 50399 out of 293754 bytes received"]},"error_data":[]}}
2024-07-02T16:12:47+00:00 INFO {"url":"wd-blog-8.jpg","data":{"errors":{"http_request_failed":["cURL error 28: Operation timed out after 5007 milliseconds with 73672 out of 195283 bytes received"]},"error_data":[]}}
2024-07-02T16:12:52+00:00 INFO {"url":"wd-blog-8.jpg","data":{"errors":{"http_request_failed":["cURL error 28: Operation timed out after 5008 milliseconds with 5222 out of 195283 bytes received"]},"error_data":[]}}
2024-07-02T16:12:57+00:00 INFO {"url":"wd-blog-8.jpg","data":{"errors":{"http_request_failed":["cURL error 28: Operation timed out after 5003 milliseconds with 16174 out of 195283 bytes received"]},"error_data":[]}}
2024-07-02T16:15:57+00:00 INFO {"url":"wd-product-bg-1.jpg","data":{"errors":{"http_request_failed":["cURL error 28: Operation timed out after 5006 milliseconds with 66827 out of 253632 bytes received"]},"error_data":[]}}
2024-07-02T16:16:02+00:00 INFO {"url":"wd-product-bg-1.jpg","data":{"errors":{"http_request_failed":["cURL error 28: Operation timed out after 5004 milliseconds with 38078 out of 253632 bytes received"]},"error_data":[]}}
2024-07-02T16:16:07+00:00 INFO {"url":"wd-product-bg-1.jpg","data":{"errors":{"http_request_failed":["cURL error 28: Operation timed out after 5012 milliseconds with 0 bytes received"]},"error_data":[]}}
2024-07-02T16:16:12+00:00 INFO {"url":"wd-blog-4.jpg","data":{"errors":{"http_request_failed":["cURL error 28: Operation timed out after 5010 milliseconds with 46292 out of 126071 bytes received"]},"error_data":[]}}
2024-07-02T16:16:17+00:00 INFO {"url":"wd-blog-4.jpg","data":{"errors":{"http_request_failed":["cURL error 28: Operation timed out after 5006 milliseconds with 50399 out of 126071 bytes received"]},"error_data":[]}}
2024-07-02T16:16:22+00:00 INFO {"url":"wd-blog-4.jpg","data":{"errors":{"http_request_failed":["cURL error 28: Operation timed out after 5013 milliseconds with 69565 out of 126071 bytes received"]},"error_data":[]}}
2024-07-02T16:16:28+00:00 INFO {"url":"wd-blog-7.jpg","data":{"errors":{"http_request_failed":["cURL error 28: Operation timed out after 5006 milliseconds with 55875 out of 137728 bytes received"]},"error_data":[]}}
2024-07-02T16:16:37+00:00 INFO {"url":"wd-blog-2.jpg","data":{"errors":{"http_request_failed":["cURL error 28: Operation timed out after 5004 milliseconds with 85993 out of 181164 bytes received"]},"error_data":[]}}
2024-07-02T16:16:42+00:00 INFO {"url":"wd-blog-2.jpg","data":{"errors":{"http_request_failed":["cURL error 28: Operation timed out after 5014 milliseconds with 18912 out of 181164 bytes received"]},"error_data":[]}}
2024-07-02T16:16:47+00:00 INFO {"url":"wd-blog-2.jpg","data":{"errors":{"http_request_failed":["cURL error 28: Operation timed out after 5014 milliseconds with 73672 out of 181164 bytes received"]},"error_data":[]}}
2024-07-02T16:16:52+00:00 INFO {"url":"wd-blog-3.jpg","data":{"errors":{"http_request_failed":["cURL error 28: Operation timed out after 5005 milliseconds with 69565 out of 357864 bytes received"]},"error_data":[]}}
2024-07-02T16:16:57+00:00 INFO {"url":"wd-blog-3.jpg","data":{"errors":{"http_request_failed":["cURL error 28: Operation timed out after 5002 milliseconds with 66827 out of 357864 bytes received"]},"error_data":[]}}
2024-07-02T16:17:02+00:00 INFO {"url":"wd-blog-3.jpg","data":{"errors":{"http_request_failed":["cURL error 28: Operation timed out after 5013 milliseconds with 76410 out of 357864 bytes received"]},"error_data":[]}}
2024-07-02T16:17:07+00:00 INFO {"url":"wd-blog-5.jpg","data":{"errors":{"http_request_failed":["cURL error 28: Operation timed out after 5006 milliseconds with 127063 out of 293754 bytes received"]},"error_data":[]}}
2024-07-02T16:17:12+00:00 INFO {"url":"wd-blog-5.jpg","data":{"errors":{"http_request_failed":["cURL error 28: Operation timed out after 5013 milliseconds with 72303 out of 293754 bytes received"]},"error_data":[]}}
2024-07-02T16:17:17+00:00 INFO {"url":"wd-blog-5.jpg","data":{"errors":{"http_request_failed":["cURL error 28: Operation timed out after 5014 milliseconds with 40816 out of 293754 bytes received"]},"error_data":[]}}
2024-07-02T16:17:22+00:00 INFO {"url":"wd-blog-8.jpg","data":{"errors":{"http_request_failed":["cURL error 28: Operation timed out after 5011 milliseconds with 6591 out of 195283 bytes received"]},"error_data":[]}}
2024-07-02T16:17:27+00:00 INFO {"url":"wd-blog-8.jpg","data":{"errors":{"http_request_failed":["cURL error 28: Operation timed out after 5013 milliseconds with 2484 out of 195283 bytes received"]},"error_data":[]}}
2024-07-02T16:17:32+00:00 INFO {"url":"wd-blog-8.jpg","data":{"errors":{"http_request_failed":["cURL error 28: Operation timed out after 5000 milliseconds with 73672 out of 195283 bytes received"]},"error_data":[]}}
2024-07-02T16:17:37+00:00 INFO {"url":"wd-blog-9.jpg","data":{"errors":{"http_request_failed":["cURL error 28: Operation timed out after 5000 milliseconds with 76410 out of 146563 bytes received"]},"error_data":[]}}
2024-07-02T16:17:42+00:00 INFO {"url":"wd-blog-9.jpg","data":{"errors":{"http_request_failed":["cURL error 28: Operation timed out after 5014 milliseconds with 96945 out of 146563 bytes received"]},"error_data":[]}}
2024-07-02T16:17:47+00:00 INFO {"url":"wd-blog-9.jpg","data":{"errors":{"http_request_failed":["cURL error 28: Operation timed out after 5012 milliseconds with 3853 out of 146563 bytes received"]},"error_data":[]}}
2024-07-02T16:25:49+00:00 INFO {"url":"wd-product-bg-1.jpg","data":{"errors":{"http_request_failed":["cURL error 28: Operation timed out after 5009 milliseconds with 165395 out of 253632 bytes received"]},"error_data":[]}}
2024-07-02T16:25:54+00:00 INFO {"url":"wd-product-bg-1.jpg","data":{"errors":{"http_request_failed":["cURL error 28: Operation timed out after 5004 milliseconds with 184561 out of 253632 bytes received"]},"error_data":[]}}
2024-07-02T16:25:59+00:00 INFO {"url":"wd-product-bg-1.jpg","data":{"errors":{"http_request_failed":["cURL error 28: Operation timed out after 5000 milliseconds with 80517 out of 253632 bytes received"]},"error_data":[]}}
2024-07-02T16:26:04+00:00 INFO {"url":"wd-blog-4.jpg","data":{"errors":{"http_request_failed":["cURL error 28: Operation timed out after 5003 milliseconds with 69565 out of 126071 bytes received"]},"error_data":[]}}
2024-07-02T16:26:09+00:00 INFO {"url":"wd-blog-4.jpg","data":{"errors":{"http_request_failed":["cURL error 28: Operation timed out after 5013 milliseconds with 46292 out of 126071 bytes received"]},"error_data":[]}}
2024-07-02T16:26:14+00:00 INFO {"url":"wd-blog-4.jpg","data":{"errors":{"http_request_failed":["cURL error 28: Operation timed out after 5013 milliseconds with 75041 out of 126071 bytes received"]},"error_data":[]}}
2024-07-02T16:26:19+00:00 INFO {"url":"wd-blog-2.jpg","data":{"errors":{"http_request_failed":["cURL error 28: Operation timed out after 5007 milliseconds with 80517 out of 181164 bytes received"]},"error_data":[]}}
2024-07-02T16:26:20+00:00 INFO {"url":"wd-product-bg-1.jpg","data":{"errors":{"http_request_failed":["cURL error 28: Operation timed out after 5006 milliseconds with 83255 out of 253632 bytes received"]},"error_data":[]}}
2024-07-02T16:26:25+00:00 INFO {"url":"wd-product-bg-1.jpg","data":{"errors":{"http_request_failed":["cURL error 28: Operation timed out after 5006 milliseconds with 136646 out of 253632 bytes received"]},"error_data":[]}}
2024-07-02T16:26:28+00:00 INFO {"url":"wd-blog-3.jpg","data":{"errors":{"http_request_failed":["cURL error 28: Operation timed out after 5001 milliseconds with 95576 out of 357864 bytes received"]},"error_data":[]}}
2024-07-02T16:26:29+00:00 INFO {"url":"wd-product-bg-1.jpg","data":{"errors":{"http_request_failed":["cURL error 28: Operation timed out after 5008 milliseconds with 190037 out of 253632 bytes received"]},"error_data":[]}}
2024-07-02T16:26:30+00:00 INFO {"url":"wd-product-bg-1.jpg","data":{"errors":{"http_request_failed":["cURL error 28: Operation timed out after 5014 milliseconds with 124325 out of 253632 bytes received"]},"error_data":[]}}
2024-07-02T16:26:33+00:00 INFO {"url":"wd-blog-3.jpg","data":{"errors":{"http_request_failed":["cURL error 28: Operation timed out after 5002 milliseconds with 29864 out of 357864 bytes received"]},"error_data":[]}}
2024-07-02T16:26:34+00:00 INFO {"url":"wd-product-bg-1.jpg","data":{"errors":{"http_request_failed":["cURL error 28: Operation timed out after 5005 milliseconds with 72303 out of 253632 bytes received"]},"error_data":[]}}
2024-07-02T16:26:35+00:00 INFO {"url":"wd-blog-4.jpg","data":{"errors":{"http_request_failed":["cURL error 28: Operation timed out after 5007 milliseconds with 25757 out of 126071 bytes received"]},"error_data":[]}}
2024-07-02T16:26:38+00:00 INFO {"url":"wd-blog-3.jpg","data":{"errors":{"http_request_failed":["cURL error 28: Operation timed out after 5000 milliseconds with 135277 out of 357864 bytes received"]},"error_data":[]}}
2024-07-02T16:26:40+00:00 INFO {"url":"wd-blog-4.jpg","data":{"errors":{"http_request_failed":["cURL error 28: Operation timed out after 5014 milliseconds with 114742 out of 126071 bytes received"]},"error_data":[]}}
2024-07-02T16:26:41+00:00 INFO {"url":"wd-blog-4.jpg","data":{"errors":{"http_request_failed":["cURL error 28: Operation timed out after 5003 milliseconds with 103790 out of 126071 bytes received"]},"error_data":[]}}
2024-07-02T16:26:43+00:00 INFO {"url":"wd-blog-5.jpg","data":{"errors":{"http_request_failed":["cURL error 28: Operation timed out after 5009 milliseconds with 55875 out of 293754 bytes received"]},"error_data":[]}}
2024-07-02T16:26:46+00:00 INFO {"url":"wd-blog-4.jpg","data":{"errors":{"http_request_failed":["cURL error 28: Operation timed out after 5014 milliseconds with 61351 out of 126071 bytes received"]},"error_data":[]}}
2024-07-02T16:26:48+00:00 INFO {"url":"wd-blog-5.jpg","data":{"errors":{"http_request_failed":["cURL error 28: Operation timed out after 5011 milliseconds with 64089 out of 293754 bytes received"]},"error_data":[]}}
2024-07-02T16:26:48+00:00 INFO {"url":"wd-blog-3.jpg","data":{"errors":{"http_request_failed":["cURL error 28: Operation timed out after 5014 milliseconds with 96945 out of 357864 bytes received"]},"error_data":[]}}
2024-07-02T16:26:51+00:00 INFO {"url":"wd-blog-4.jpg","data":{"errors":{"http_request_failed":["cURL error 28: Operation timed out after 5015 milliseconds with 95576 out of 126071 bytes received"]},"error_data":[]}}
2024-07-02T16:26:54+00:00 INFO {"url":"wd-blog-3.jpg","data":{"errors":{"http_request_failed":["cURL error 28: Operation timed out after 5004 milliseconds with 139384 out of 357864 bytes received"]},"error_data":[]}}
2024-07-02T16:26:56+00:00 INFO {"url":"wd-blog-3.jpg","data":{"errors":{"http_request_failed":["cURL error 28: Operation timed out after 5006 milliseconds with 81886 out of 357864 bytes received"]},"error_data":[]}}
2024-07-02T16:26:56+00:00 INFO {"url":"wd-blog-8.jpg","data":{"errors":{"http_request_failed":["cURL error 28: Operation timed out after 5001 milliseconds with 72303 out of 195283 bytes received"]},"error_data":[]}}
2024-07-02T16:26:59+00:00 INFO {"url":"wd-blog-3.jpg","data":{"errors":{"http_request_failed":["cURL error 28: Operation timed out after 5013 milliseconds with 90100 out of 357864 bytes received"]},"error_data":[]}}
2024-07-02T16:27:01+00:00 INFO {"url":"wd-blog-3.jpg","data":{"errors":{"http_request_failed":["cURL error 28: Operation timed out after 5014 milliseconds with 146229 out of 357864 bytes received"]},"error_data":[]}}
2024-07-02T16:27:01+00:00 INFO {"url":"wd-blog-8.jpg","data":{"errors":{"http_request_failed":["cURL error 28: Operation timed out after 5000 milliseconds with 148967 out of 195283 bytes received"]},"error_data":[]}}
2024-07-02T16:27:04+00:00 INFO {"url":"wd-blog-8.jpg","data":{"errors":{"http_request_failed":["cURL error 28: Operation timed out after 5007 milliseconds with 50399 out of 195283 bytes received"]},"error_data":[]}}
2024-07-02T16:27:06+00:00 INFO {"url":"wd-blog-3.jpg","data":{"errors":{"http_request_failed":["cURL error 28: Operation timed out after 5013 milliseconds with 116111 out of 357864 bytes received"]},"error_data":[]}}
2024-07-02T16:27:06+00:00 INFO {"url":"wd-blog-8.jpg","data":{"errors":{"http_request_failed":["cURL error 28: Operation timed out after 5011 milliseconds with 50399 out of 195283 bytes received"]},"error_data":[]}}
2024-07-02T16:27:09+00:00 INFO {"url":"wd-blog-8.jpg","data":{"errors":{"http_request_failed":["cURL error 28: Operation timed out after 5013 milliseconds with 72303 out of 195283 bytes received"]},"error_data":[]}}
2024-07-02T16:27:11+00:00 INFO {"url":"wd-blog-8.jpg","data":{"errors":{"http_request_failed":["cURL error 28: Operation timed out after 5000 milliseconds with 70934 out of 195283 bytes received"]},"error_data":[]}}
2024-07-02T16:27:14+00:00 INFO {"url":"wd-blog-8.jpg","data":{"errors":{"http_request_failed":["cURL error 28: Operation timed out after 5014 milliseconds with 70934 out of 195283 bytes received"]},"error_data":[]}}
2024-07-02T16:27:16+00:00 INFO {"url":"wd-blog-8.jpg","data":{"errors":{"http_request_failed":["cURL error 28: Operation timed out after 5000 milliseconds with 106528 out of 195283 bytes received"]},"error_data":[]}}
2024-07-02T16:27:20+00:00 INFO {"url":"portfolio-2.jpg","data":{"errors":{"http_request_failed":["cURL error 28: Operation timed out after 5003 milliseconds with 3854 out of 23833 bytes received"]},"error_data":[]}}
2024-07-02T16:27:21+00:00 INFO {"url":"wd-blog-8.jpg","data":{"errors":{"http_request_failed":["cURL error 28: Operation timed out after 5014 milliseconds with 31233 out of 195283 bytes received"]},"error_data":[]}}
2024-07-02T16:27:45+00:00 INFO {"url":"cat-menu-fashion.png","data":{"errors":{"http_request_failed":["cURL error 28: Operation timed out after 5009 milliseconds with 77780 out of 150148 bytes received"]},"error_data":[]}}
2024-07-02T16:27:47+00:00 INFO {"url":"cat-menu-fashion.png","data":{"errors":{"http_request_failed":["cURL error 28: Operation timed out after 5004 milliseconds with 118850 out of 150148 bytes received"]},"error_data":[]}}
2024-07-02T16:27:50+00:00 INFO {"url":"cat-menu-fashion.png","data":{"errors":{"http_request_failed":["cURL error 28: Operation timed out after 5005 milliseconds with 59983 out of 150148 bytes received"]},"error_data":[]}}
2024-07-02T16:27:52+00:00 INFO {"url":"cat-menu-fashion.png","data":{"errors":{"http_request_failed":["cURL error 28: Operation timed out after 5014 milliseconds with 113374 out of 150148 bytes received"]},"error_data":[]}}
2024-07-02T16:27:55+00:00 INFO {"url":"cat-menu-fashion.png","data":{"errors":{"http_request_failed":["cURL error 28: Operation timed out after 5000 milliseconds with 32603 out of 150148 bytes received"]},"error_data":[]}}
2024-07-02T16:28:02+00:00 INFO {"url":"about-us-3-team-member-2.jpg","data":{"errors":{"http_request_failed":["cURL error 28: Operation timed out after 5010 milliseconds with 23020 out of 48750 bytes received"]},"error_data":[]}}
2024-07-02T16:28:07+00:00 INFO {"url":"about-us-3-team-member-2.jpg","data":{"errors":{"http_request_failed":["cURL error 28: Operation timed out after 5000 milliseconds with 24389 out of 48750 bytes received"]},"error_data":[]}}
2024-07-02T16:28:12+00:00 INFO {"url":"about-us-3-team-member-2.jpg","data":{"errors":{"http_request_failed":["cURL error 28: Operation timed out after 5000 milliseconds with 33972 out of 48750 bytes received"]},"error_data":[]}}
2024-07-02T16:28:14+00:00 INFO {"url":"about-us-3-video-1.jpg","data":{"errors":{"http_request_failed":["cURL error 28: Operation timed out after 5001 milliseconds with 51769 out of 54340 bytes received"]},"error_data":[]}}
